# JRE version: OpenJDK Runtime Environment (8.0_242-b01) (build 1.8.0_242-release-1644-b01)
# Java VM: OpenJDK 64-Bit Server VM (25.242-b01 mixed mode windows-amd64 compressed oops)
Heap:
 PSYoungGen      total 557568K, used 544853K [0x00000000d5580000, 0x00000000fb380000, 0x0000000100000000)
  eden space 507904K, 100% used [0x00000000d5580000,0x00000000f4580000,0x00000000f4580000)
  from space 49664K, 74% used [0x00000000f8300000,0x00000000fa715698,0x00000000fb380000)
  to   space 56320K, 28% used [0x00000000f4580000,0x00000000f5552060,0x00000000f7c80000)
 ParOldGen       total 160768K, used 67125K [0x0000000080000000, 0x0000000089d00000, 0x00000000d5580000)
  object space 160768K, 41% used [0x0000000080000000,0x000000008418d7c0,0x0000000089d00000)
 Metaspace       used 95054K, capacity 100454K, committed 100648K, reserved 1136640K
  class space    used 12313K, capacity 13299K, committed 13360K, reserved 1048576K
GC Heap History (10 events):
Event: 185.089 GC heap after
Heap after GC invocations=20 (full 4):
 PSYoungGen      total 444416K, used 37273K [0x00000000d5580000, 0x00000000f4400000, 0x0000000100000000)
  eden space 404480K, 0% used [0x00000000d5580000,0x00000000d5580000,0x00000000ee080000)
  from space 39936K, 93% used [0x00000000f0d80000,0x00000000f31e6740,0x00000000f3480000)
  to   space 46080K, 0% used [0x00000000ee080000,0x00000000ee080000,0x00000000f0d80000)
 ParOldGen       total 160768K, used 67085K [0x0000000080000000, 0x0000000089d00000, 0x00000000d5580000)
  object space 160768K, 41% used [0x0000000080000000,0x00000000841837c0,0x0000000089d00000)
 Metaspace       used 76012K, capacity 79454K, committed 79784K, reserved 1118208K
  class space    used 9871K, capacity 10537K, committed 10672K, reserved 1048576K
}
Event: 200.606 GC heap before
{Heap before GC invocations=21 (full 4):
 PSYoungGen      total 444416K, used 441753K [0x00000000d5580000, 0x00000000f4400000, 0x0000000100000000)
  eden space 404480K, 100% used [0x00000000d5580000,0x00000000ee080000,0x00000000ee080000)
  from space 39936K, 93% used [0x00000000f0d80000,0x00000000f31e6740,0x00000000f3480000)
  to   space 46080K, 0% used [0x00000000ee080000,0x00000000ee080000,0x00000000f0d80000)
 ParOldGen       total 160768K, used 67085K [0x0000000080000000, 0x0000000089d00000, 0x00000000d5580000)
  object space 160768K, 41% used [0x0000000080000000,0x00000000841837c0,0x0000000089d00000)
 Metaspace       used 85518K, capacity 89962K, committed 90280K, reserved 1128448K
  class space    used 11287K, capacity 12137K, committed 12208K, reserved 1048576K
Event: 200.669 GC heap after
Heap after GC invocations=21 (full 4):
 PSYoungGen      total 450560K, used 41056K [0x00000000d5580000, 0x00000000f8880000, 0x0000000100000000)
  eden space 404480K, 0% used [0x00000000d5580000,0x00000000d5580000,0x00000000ee080000)
  from space 46080K, 89% used [0x00000000ee080000,0x00000000f0898070,0x00000000f0d80000)
  to   space 51712K, 0% used [0x00000000f5600000,0x00000000f5600000,0x00000000f8880000)
 ParOldGen       total 160768K, used 67085K [0x0000000080000000, 0x0000000089d00000, 0x00000000d5580000)
  object space 160768K, 41% used [0x0000000080000000,0x00000000841837c0,0x0000000089d00000)
 Metaspace       used 85518K, capacity 89962K, committed 90280K, reserved 1128448K
  class space    used 11287K, capacity 12137K, committed 12208K, reserved 1048576K
}
Event: 384.022 GC heap before
{Heap before GC invocations=22 (full 4):
 PSYoungGen      total 450560K, used 445536K [0x00000000d5580000, 0x00000000f8880000, 0x0000000100000000)
  eden space 404480K, 100% used [0x00000000d5580000,0x00000000ee080000,0x00000000ee080000)
  from space 46080K, 89% used [0x00000000ee080000,0x00000000f0898070,0x00000000f0d80000)
  to   space 51712K, 0% used [0x00000000f5600000,0x00000000f5600000,0x00000000f8880000)
 ParOldGen       total 160768K, used 67085K [0x0000000080000000, 0x0000000089d00000, 0x00000000d5580000)
  object space 160768K, 41% used [0x0000000080000000,0x00000000841837c0,0x0000000089d00000)
 Metaspace       used 90834K, capacity 95612K, committed 95784K, reserved 1132544K
  class space    used 11958K, capacity 12844K, committed 12848K, reserved 1048576K
Event: 384.096 GC heap after
Heap after GC invocations=22 (full 4):
 PSYoungGen      total 510464K, used 37368K [0x00000000d5580000, 0x00000000f8500000, 0x0000000100000000)
  eden space 462336K, 0% used [0x00000000d5580000,0x00000000d5580000,0x00000000f1900000)
  from space 48128K, 77% used [0x00000000f5600000,0x00000000f7a7e0b0,0x00000000f8500000)
  to   space 55296K, 0% used [0x00000000f1900000,0x00000000f1900000,0x00000000f4f00000)
 ParOldGen       total 160768K, used 67101K [0x0000000080000000, 0x0000000089d00000, 0x00000000d5580000)
  object space 160768K, 41% used [0x0000000080000000,0x00000000841877c0,0x0000000089d00000)
 Metaspace       used 90834K, capacity 95612K, committed 95784K, reserved 1132544K
  class space    used 11958K, capacity 12844K, committed 12848K, reserved 1048576K
}
Event: 2381.501 GC heap before
{Heap before GC invocations=23 (full 4):
 PSYoungGen      total 510464K, used 499704K [0x00000000d5580000, 0x00000000f8500000, 0x0000000100000000)
  eden space 462336K, 100% used [0x00000000d5580000,0x00000000f1900000,0x00000000f1900000)
  from space 48128K, 77% used [0x00000000f5600000,0x00000000f7a7e0b0,0x00000000f8500000)
  to   space 55296K, 0% used [0x00000000f1900000,0x00000000f1900000,0x00000000f4f00000)
 ParOldGen       total 160768K, used 67101K [0x0000000080000000, 0x0000000089d00000, 0x00000000d5580000)
  object space 160768K, 41% used [0x0000000080000000,0x00000000841877c0,0x0000000089d00000)
 Metaspace       used 92960K, capacity 97928K, committed 98088K, reserved 1134592K
  class space    used 12140K, capacity 13076K, committed 13104K, reserved 1048576K
Event: 2381.544 GC heap after
Heap after GC invocations=23 (full 4):
 PSYoungGen      total 517632K, used 27527K [0x00000000d5580000, 0x00000000fb800000, 0x0000000100000000)
  eden space 462336K, 0% used [0x00000000d5580000,0x00000000d5580000,0x00000000f1900000)
  from space 55296K, 49% used [0x00000000f1900000,0x00000000f33e1fc0,0x00000000f4f00000)
  to   space 54272K, 0% used [0x00000000f8300000,0x00000000f8300000,0x00000000fb800000)
 ParOldGen       total 160768K, used 67109K [0x0000000080000000, 0x0000000089d00000, 0x00000000d5580000)
  object space 160768K, 41% used [0x0000000080000000,0x00000000841897c0,0x0000000089d00000)
 Metaspace       used 92960K, capacity 97928K, committed 98088K, reserved 1134592K
  class space    used 12140K, capacity 13076K, committed 13104K, reserved 1048576K
}
Event: 2429.241 GC heap before
{Heap before GC invocations=24 (full 4):
 PSYoungGen      total 517632K, used 489863K [0x00000000d5580000, 0x00000000fb800000, 0x0000000100000000)
  eden space 462336K, 100% used [0x00000000d5580000,0x00000000f1900000,0x00000000f1900000)
  from space 55296K, 49% used [0x00000000f1900000,0x00000000f33e1fc0,0x00000000f4f00000)
  to   space 54272K, 0% used [0x00000000f8300000,0x00000000f8300000,0x00000000fb800000)
 ParOldGen       total 160768K, used 67109K [0x0000000080000000, 0x0000000089d00000, 0x00000000d5580000)
  object space 160768K, 41% used [0x0000000080000000,0x00000000841897c0,0x0000000089d00000)
 Metaspace       used 94381K, capacity 99482K, committed 99752K, reserved 1136640K
  class space    used 12251K, capacity 13209K, committed 13232K, reserved 1048576K
Event: 2429.305 GC heap after
Heap after GC invocations=24 (full 4):
 PSYoungGen      total 557568K, used 36949K [0x00000000d5580000, 0x00000000fb380000, 0x0000000100000000)
  eden space 507904K, 0% used [0x00000000d5580000,0x00000000d5580000,0x00000000f4580000)
  from space 49664K, 74% used [0x00000000f8300000,0x00000000fa715698,0x00000000fb380000)
  to   space 56320K, 0% used [0x00000000f4580000,0x00000000f4580000,0x00000000f7c80000)
 ParOldGen       total 160768K, used 67117K [0x0000000080000000, 0x0000000089d00000, 0x00000000d5580000)
  object space 160768K, 41% used [0x0000000080000000,0x000000008418b7c0,0x0000000089d00000)
 Metaspace       used 94381K, capacity 99482K, committed 99752K, reserved 1136640K
  class space    used 12251K, capacity 13209K, committed 13232K, reserved 1048576K
}
Event: 2682.622 GC heap before
{Heap before GC invocations=25 (full 4):
 PSYoungGen      total 557568K, used 544853K [0x00000000d5580000, 0x00000000fb380000, 0x0000000100000000)
  eden space 507904K, 100% used [0x00000000d5580000,0x00000000f4580000,0x00000000f4580000)
  from space 49664K, 74% used [0x00000000f8300000,0x00000000fa715698,0x00000000fb380000)
  to   space 56320K, 0% used [0x00000000f4580000,0x00000000f4580000,0x00000000f7c80000)
 ParOldGen       total 160768K, used 67117K [0x0000000080000000, 0x0000000089d00000, 0x00000000d5580000)
  object space 160768K, 41% used [0x0000000080000000,0x000000008418b7c0,0x0000000089d00000)
 Metaspace       used 95054K, capacity 100454K, committed 100648K, reserved 1136640K
  class space    used 12313K, capacity 13299K, committed 13360K, reserved 1048576K

